[2024-06-11 02:34:49Z INFO HostContext] No proxy settings were found based on environmental variables (http_proxy/https_proxy/HTTP_PROXY/HTTPS_PROXY)
[2024-06-11 02:34:49Z INFO HostContext] Well known directory 'Bin': '/home/shiuan/assignment-3-Y-shiuan/actions-runner/bin'
[2024-06-11 02:34:49Z INFO HostContext] Well known directory 'Root': '/home/shiuan/assignment-3-Y-shiuan/actions-runner'
[2024-06-11 02:34:49Z INFO HostContext] Well known config file 'Credentials': '/home/shiuan/assignment-3-Y-shiuan/actions-runner/.credentials'
[2024-06-11 02:34:49Z INFO HostContext] Well known directory 'Bin': '/home/shiuan/assignment-3-Y-shiuan/actions-runner/bin'
[2024-06-11 02:34:49Z INFO HostContext] Well known directory 'Root': '/home/shiuan/assignment-3-Y-shiuan/actions-runner'
[2024-06-11 02:34:49Z INFO HostContext] Well known config file 'Runner': '/home/shiuan/assignment-3-Y-shiuan/actions-runner/.runner'
[2024-06-11 02:34:49Z INFO Listener] Runner is built for Linux (X64) - linux-x64.
[2024-06-11 02:34:49Z INFO Listener] RuntimeInformation: Linux 5.15.0-107-generic #117~20.04.1-Ubuntu SMP Tue Apr 30 10:35:57 UTC 2024.
[2024-06-11 02:34:50Z INFO Listener] Version: 2.317.0
[2024-06-11 02:34:50Z INFO Listener] Commit: 6dc005ee3690a0303e0d7269b6f60295d22dcfad
[2024-06-11 02:34:50Z INFO Listener] Culture: en-GB
[2024-06-11 02:34:50Z INFO Listener] UI Culture: en-GB
[2024-06-11 02:34:50Z INFO HostContext] Well known directory 'Bin': '/home/shiuan/assignment-3-Y-shiuan/actions-runner/bin'
[2024-06-11 02:34:50Z INFO HostContext] Well known directory 'Root': '/home/shiuan/assignment-3-Y-shiuan/actions-runner'
[2024-06-11 02:34:50Z INFO Listener] Validating directory permissions for: '/home/shiuan/assignment-3-Y-shiuan/actions-runner'
[2024-06-11 02:34:50Z INFO CommandLineParser] Parse
[2024-06-11 02:34:50Z INFO CommandLineParser] Parsing 1 args
[2024-06-11 02:34:50Z INFO CommandLineParser] parsing argument
[2024-06-11 02:34:50Z INFO CommandLineParser] HasArgs: False
[2024-06-11 02:34:50Z INFO CommandLineParser] Adding Command: run
[2024-06-11 02:34:50Z INFO Listener] Arguments parsed
[2024-06-11 02:34:50Z INFO Runner] ExecuteCommand
[2024-06-11 02:34:50Z INFO ConfigurationStore] currentAssemblyLocation: /home/shiuan/assignment-3-Y-shiuan/actions-runner/bin/Runner.Listener.dll
[2024-06-11 02:34:50Z INFO HostContext] Well known directory 'Bin': '/home/shiuan/assignment-3-Y-shiuan/actions-runner/bin'
[2024-06-11 02:34:50Z INFO ConfigurationStore] binPath: /home/shiuan/assignment-3-Y-shiuan/actions-runner/bin
[2024-06-11 02:34:50Z INFO HostContext] Well known directory 'Bin': '/home/shiuan/assignment-3-Y-shiuan/actions-runner/bin'
[2024-06-11 02:34:50Z INFO HostContext] Well known directory 'Root': '/home/shiuan/assignment-3-Y-shiuan/actions-runner'
[2024-06-11 02:34:50Z INFO ConfigurationStore] RootFolder: /home/shiuan/assignment-3-Y-shiuan/actions-runner
[2024-06-11 02:34:50Z INFO HostContext] Well known directory 'Bin': '/home/shiuan/assignment-3-Y-shiuan/actions-runner/bin'
[2024-06-11 02:34:50Z INFO HostContext] Well known directory 'Root': '/home/shiuan/assignment-3-Y-shiuan/actions-runner'
[2024-06-11 02:34:50Z INFO HostContext] Well known config file 'Runner': '/home/shiuan/assignment-3-Y-shiuan/actions-runner/.runner'
[2024-06-11 02:34:50Z INFO ConfigurationStore] ConfigFilePath: /home/shiuan/assignment-3-Y-shiuan/actions-runner/.runner
[2024-06-11 02:34:50Z INFO HostContext] Well known directory 'Bin': '/home/shiuan/assignment-3-Y-shiuan/actions-runner/bin'
[2024-06-11 02:34:50Z INFO HostContext] Well known directory 'Root': '/home/shiuan/assignment-3-Y-shiuan/actions-runner'
[2024-06-11 02:34:50Z INFO HostContext] Well known config file 'Credentials': '/home/shiuan/assignment-3-Y-shiuan/actions-runner/.credentials'
[2024-06-11 02:34:50Z INFO ConfigurationStore] CredFilePath: /home/shiuan/assignment-3-Y-shiuan/actions-runner/.credentials
[2024-06-11 02:34:50Z INFO HostContext] Well known directory 'Bin': '/home/shiuan/assignment-3-Y-shiuan/actions-runner/bin'
[2024-06-11 02:34:50Z INFO HostContext] Well known directory 'Root': '/home/shiuan/assignment-3-Y-shiuan/actions-runner'
[2024-06-11 02:34:50Z INFO HostContext] Well known config file 'MigratedCredentials': '/home/shiuan/assignment-3-Y-shiuan/actions-runner/.credentials_migrated'
[2024-06-11 02:34:50Z INFO ConfigurationStore] MigratedCredFilePath: /home/shiuan/assignment-3-Y-shiuan/actions-runner/.credentials_migrated
[2024-06-11 02:34:50Z INFO HostContext] Well known directory 'Bin': '/home/shiuan/assignment-3-Y-shiuan/actions-runner/bin'
[2024-06-11 02:34:50Z INFO HostContext] Well known directory 'Root': '/home/shiuan/assignment-3-Y-shiuan/actions-runner'
[2024-06-11 02:34:50Z INFO HostContext] Well known config file 'Service': '/home/shiuan/assignment-3-Y-shiuan/actions-runner/.service'
[2024-06-11 02:34:50Z INFO ConfigurationStore] ServiceConfigFilePath: /home/shiuan/assignment-3-Y-shiuan/actions-runner/.service
[2024-06-11 02:34:50Z INFO CommandSettings] Flag 'help': 'False'
[2024-06-11 02:34:50Z INFO CommandSettings] Flag 'version': 'False'
[2024-06-11 02:34:50Z INFO CommandSettings] Flag 'commit': 'False'
[2024-06-11 02:34:50Z INFO CommandSettings] Flag 'check': 'False'
[2024-06-11 02:34:50Z INFO CommandSettings] Command 'configure': 'False'
[2024-06-11 02:34:50Z INFO CommandSettings] Command 'remove': 'False'
[2024-06-11 02:34:50Z INFO CommandSettings] Command 'warmup': 'False'
[2024-06-11 02:34:50Z INFO ConfigurationManager] LoadSettings
[2024-06-11 02:34:50Z INFO ConfigurationStore] IsConfigured()
[2024-06-11 02:34:50Z INFO ConfigurationStore] IsConfigured: True
[2024-06-11 02:34:50Z INFO ConfigurationManager] Is configured: True
[2024-06-11 02:34:50Z INFO ConfigurationStore] Read setting file: 318 chars
[2024-06-11 02:34:50Z INFO ConfigurationManager] Settings Loaded
[2024-06-11 02:34:50Z INFO ConfigurationStore] IsServiceConfigured()
[2024-06-11 02:34:50Z INFO ConfigurationStore] IsServiceConfigured: False
[2024-06-11 02:34:50Z INFO CommandSettings] Command 'run': 'True'
[2024-06-11 02:34:50Z INFO ConfigurationStore] IsConfigured()
[2024-06-11 02:34:50Z INFO ConfigurationStore] IsConfigured: True
[2024-06-11 02:34:50Z INFO ConfigurationManager] Is configured: True
[2024-06-11 02:34:50Z INFO Runner] Could not parse the argument value '' for StartupType. Defaulting to Manual
[2024-06-11 02:34:50Z INFO Runner] Set runner startup type - Manual
[2024-06-11 02:34:50Z INFO CommandSettings] Flag 'once': 'False'
[2024-06-11 02:34:50Z INFO CommandSettings] Flag 'once': 'False'
[2024-06-11 02:34:50Z INFO Runner] RunAsync
[2024-06-11 02:34:50Z INFO ConfigurationManager] LoadSettings
[2024-06-11 02:34:50Z INFO ConfigurationStore] IsConfigured()
[2024-06-11 02:34:50Z INFO ConfigurationStore] IsConfigured: True
[2024-06-11 02:34:50Z INFO ConfigurationManager] Is configured: True
[2024-06-11 02:34:50Z INFO ConfigurationManager] Settings Loaded
[2024-06-11 02:34:50Z INFO MessageListener] {
  "AgentId": 2,
  "AgentName": "Ubuntu",
  "PoolId": 1,
  "PoolName": "Default",
  "ServerUrl": "https://pipelinesghubeus24.actions.githubusercontent.com/hyvd4xYfpxfhCLLev9cB2itJttXRTXxFIeriU9J1SpCSIaLn6z/",
  "GitHubUrl": "https://github.com/cu-ecen-aeld/assignments-3-and-later-Y-shiuan",
  "WorkFolder": "_work"
}
[2024-06-11 02:34:50Z INFO MessageListener] Loading Credentials
[2024-06-11 02:34:50Z INFO ConfigurationStore] HasCredentials()
[2024-06-11 02:34:50Z INFO ConfigurationStore] stored True
[2024-06-11 02:34:50Z INFO CredentialManager] GetCredentialProvider
[2024-06-11 02:34:50Z INFO CredentialManager] Creating type OAuth
[2024-06-11 02:34:50Z INFO CredentialManager] Creating credential type: OAuth
[2024-06-11 02:34:50Z INFO HostContext] Well known directory 'Bin': '/home/shiuan/assignment-3-Y-shiuan/actions-runner/bin'
[2024-06-11 02:34:50Z INFO HostContext] Well known directory 'Root': '/home/shiuan/assignment-3-Y-shiuan/actions-runner'
[2024-06-11 02:34:50Z INFO HostContext] Well known config file 'RSACredentials': '/home/shiuan/assignment-3-Y-shiuan/actions-runner/.credentials_rsaparams'
[2024-06-11 02:34:50Z INFO RSAFileKeyManager] Loading RSA key parameters from file /home/shiuan/assignment-3-Y-shiuan/actions-runner/.credentials_rsaparams
[2024-06-11 02:34:50Z INFO MessageListener] Attempt to create session.
[2024-06-11 02:34:50Z INFO MessageListener] Connecting to the Runner Server...
[2024-06-11 02:34:50Z INFO RunnerServer] EstablishVssConnection
[2024-06-11 02:34:50Z INFO RunnerServer] Establish connection with 100 seconds timeout.
[2024-06-11 02:34:50Z INFO GitHubActionsService] Starting operation Location.GetConnectionData
[2024-06-11 02:34:50Z INFO RunnerServer] EstablishVssConnection
[2024-06-11 02:34:50Z INFO RunnerServer] Establish connection with 60 seconds timeout.
[2024-06-11 02:34:50Z INFO GitHubActionsService] Starting operation Location.GetConnectionData
[2024-06-11 02:34:50Z INFO RunnerServer] EstablishVssConnection
[2024-06-11 02:34:50Z INFO RunnerServer] Establish connection with 60 seconds timeout.
[2024-06-11 02:34:50Z INFO GitHubActionsService] Starting operation Location.GetConnectionData
[2024-06-11 02:34:51Z INFO GitHubActionsService] Finished operation Location.GetConnectionData
[2024-06-11 02:34:51Z INFO GitHubActionsService] Finished operation Location.GetConnectionData
[2024-06-11 02:34:51Z INFO GitHubActionsService] Finished operation Location.GetConnectionData
[2024-06-11 02:34:51Z INFO MessageListener] VssConnection created
[2024-06-11 02:34:51Z INFO Terminal] WRITE LINE: 
[2024-06-11 02:34:51Z INFO Terminal] WRITE LINE: 
[2024-06-11 02:34:51Z INFO RSAFileKeyManager] Loading RSA key parameters from file /home/shiuan/assignment-3-Y-shiuan/actions-runner/.credentials_rsaparams
[2024-06-11 02:34:51Z INFO RSAFileKeyManager] Loading RSA key parameters from file /home/shiuan/assignment-3-Y-shiuan/actions-runner/.credentials_rsaparams
[2024-06-11 02:34:52Z INFO GitHubActionsService] AAD Correlation ID for this token request: Unknown
[2024-06-11 02:34:52Z INFO MessageListener] Session created.
[2024-06-11 02:34:52Z INFO Terminal] WRITE LINE: Current runner version: '2.317.0'
[2024-06-11 02:34:52Z INFO Terminal] WRITE LINE: 2024-06-11 02:34:52Z: Listening for Jobs
[2024-06-11 02:34:52Z INFO JobDispatcher] Set runner/worker IPC timeout to 30 seconds.
[2024-06-11 02:34:56Z INFO RSAFileKeyManager] Loading RSA key parameters from file /home/shiuan/assignment-3-Y-shiuan/actions-runner/.credentials_rsaparams
[2024-06-11 02:34:56Z INFO MessageListener] Message '3' received from session '961db5f6-4666-45ad-8a4e-151066b1af70'.
[2024-06-11 02:34:56Z INFO Runner] Received job message of length 27209 from service, with hash '24cc21f5d28e3b8bb1ae1bbf79f2712cf30dbd46f5014a57b8b4cb4f0f9540c4'
[2024-06-11 02:34:56Z INFO JobDispatcher] Job request 3 for plan d9a26371-21f6-4dfa-8f62-8a8c646c5a6f job 0e10f8dd-85b5-5bee-19c6-47fc7db6f171 received.
[2024-06-11 02:34:56Z INFO JobDispatcher] Pull OrchestrationId d9a26371-21f6-4dfa-8f62-8a8c646c5a6f.unit-test.__default from JWT claims
[2024-06-11 02:34:56Z INFO MessageListener] Received job status event. JobState: Busy
[2024-06-11 02:34:56Z INFO MessageListener] _getMessagesTokenSource is already disposed.
[2024-06-11 02:34:56Z INFO Terminal] WRITE LINE: 2024-06-11 02:34:56Z: Running job: unit-test
[2024-06-11 02:34:56Z INFO JobDispatcher] Start renew job request 3 for job 0e10f8dd-85b5-5bee-19c6-47fc7db6f171.
[2024-06-11 02:34:56Z INFO JobDispatcher] Successfully renew job request 3, job is valid till 11/06/2024 02:44:56
[2024-06-11 02:34:56Z INFO HostContext] Well known directory 'Bin': '/home/shiuan/assignment-3-Y-shiuan/actions-runner/bin'
[2024-06-11 02:34:56Z INFO ProcessInvokerWrapper] Starting process:
[2024-06-11 02:34:56Z INFO ProcessInvokerWrapper]   File name: '/home/shiuan/assignment-3-Y-shiuan/actions-runner/bin/Runner.Worker'
[2024-06-11 02:34:56Z INFO ProcessInvokerWrapper]   Arguments: 'spawnclient 107 110'
[2024-06-11 02:34:56Z INFO ProcessInvokerWrapper]   Working directory: '/home/shiuan/assignment-3-Y-shiuan/actions-runner/bin'
[2024-06-11 02:34:56Z INFO ProcessInvokerWrapper]   Require exit code zero: 'False'
[2024-06-11 02:34:56Z INFO ProcessInvokerWrapper]   Encoding web name:  ; code page: ''
[2024-06-11 02:34:56Z INFO ProcessInvokerWrapper]   Force kill process on cancellation: 'True'
[2024-06-11 02:34:56Z INFO ProcessInvokerWrapper]   Redirected STDIN: 'False'
[2024-06-11 02:34:56Z INFO ProcessInvokerWrapper]   Persist current code page: 'False'
[2024-06-11 02:34:56Z INFO ProcessInvokerWrapper]   Keep redirected STDIN open: 'False'
[2024-06-11 02:34:56Z INFO ProcessInvokerWrapper]   High priority process: 'True'
[2024-06-11 02:34:56Z INFO ProcessInvokerWrapper] Process started with process id 92386, waiting for process exit.
[2024-06-11 02:34:56Z INFO JobDispatcher] Send job request message to worker for job 0e10f8dd-85b5-5bee-19c6-47fc7db6f171.
[2024-06-11 02:34:56Z INFO ProcessChannel] Sending message of length 27209, with hash '24cc21f5d28e3b8bb1ae1bbf79f2712cf30dbd46f5014a57b8b4cb4f0f9540c4'
[2024-06-11 02:34:56Z INFO JobNotification] Entering JobStarted Notification
[2024-06-11 02:34:56Z INFO JobNotification] Entering StartMonitor
[2024-06-11 02:35:20Z INFO ProcessInvokerWrapper] STDOUT/STDERR stream read finished.
[2024-06-11 02:35:20Z INFO ProcessInvokerWrapper] STDOUT/STDERR stream read finished.
[2024-06-11 02:35:20Z INFO ProcessInvokerWrapper] Finished process 92386 with exit code 100, and elapsed time 00:00:23.4611895.
[2024-06-11 02:35:20Z INFO JobDispatcher] Worker finished for job 0e10f8dd-85b5-5bee-19c6-47fc7db6f171. Code: 100
[2024-06-11 02:35:20Z INFO JobDispatcher] finish job request for job 0e10f8dd-85b5-5bee-19c6-47fc7db6f171 with result: Succeeded
[2024-06-11 02:35:20Z INFO Terminal] WRITE LINE: 2024-06-11 02:35:20Z: Job unit-test completed with result: Succeeded
[2024-06-11 02:35:20Z INFO JobDispatcher] Stop renew job request for job 0e10f8dd-85b5-5bee-19c6-47fc7db6f171.
[2024-06-11 02:35:20Z INFO JobDispatcher] job renew has been cancelled, stop renew job request 3.
[2024-06-11 02:35:20Z INFO JobNotification] Entering JobCompleted Notification
[2024-06-11 02:35:20Z INFO JobNotification] Entering EndMonitor
[2024-06-11 02:35:20Z INFO MessageListener] Received job status event. JobState: Online
[2024-06-11 02:35:20Z WARN GitHubActionsService] GET request to https://pipelinesghubeus24.actions.githubusercontent.com/hyvd4xYfpxfhCLLev9cB2itJttXRTXxFIeriU9J1SpCSIaLn6z/_apis/distributedtask/pools/1/messages?sessionId=961db5f6-4666-45ad-8a4e-151066b1af70&lastMessageId=3&status=Busy&runnerVersion=2.317.0&os=Linux&architecture=X64&disableUpdate=false has been cancelled.
[2024-06-11 02:35:20Z INFO MessageListener] Get messages has been cancelled using local token source. Continue to get messages with new status.
[2024-06-11 02:35:22Z INFO RSAFileKeyManager] Loading RSA key parameters from file /home/shiuan/assignment-3-Y-shiuan/actions-runner/.credentials_rsaparams
[2024-06-11 02:35:22Z INFO MessageListener] Message '4' received from session '961db5f6-4666-45ad-8a4e-151066b1af70'.
[2024-06-11 02:35:22Z INFO Runner] Received job message of length 27211 from service, with hash '330661c371428a933db3b9402457953ceeea7e74fe63bb3d709ce21b3b972540'
[2024-06-11 02:35:22Z INFO JobDispatcher] Job request 4 for plan d9a26371-21f6-4dfa-8f62-8a8c646c5a6f job a047640a-23da-5e9b-1ef8-917a09b3753a received.
[2024-06-11 02:35:22Z INFO JobDispatcher] Pull OrchestrationId d9a26371-21f6-4dfa-8f62-8a8c646c5a6f.full-test.__default from JWT claims
[2024-06-11 02:35:22Z INFO MessageListener] Received job status event. JobState: Busy
[2024-06-11 02:35:22Z INFO MessageListener] _getMessagesTokenSource is already disposed.
[2024-06-11 02:35:22Z INFO JobDispatcher] Job request 0e10f8dd-85b5-5bee-19c6-47fc7db6f171 processed succeed.
[2024-06-11 02:35:22Z INFO Terminal] WRITE LINE: 2024-06-11 02:35:22Z: Running job: full-test
[2024-06-11 02:35:22Z INFO JobDispatcher] Start renew job request 4 for job a047640a-23da-5e9b-1ef8-917a09b3753a.
[2024-06-11 02:35:22Z INFO JobDispatcher] Successfully renew job request 4, job is valid till 11/06/2024 02:45:22
[2024-06-11 02:35:22Z INFO HostContext] Well known directory 'Bin': '/home/shiuan/assignment-3-Y-shiuan/actions-runner/bin'
[2024-06-11 02:35:22Z INFO ProcessInvokerWrapper] Starting process:
[2024-06-11 02:35:22Z INFO ProcessInvokerWrapper]   File name: '/home/shiuan/assignment-3-Y-shiuan/actions-runner/bin/Runner.Worker'
[2024-06-11 02:35:22Z INFO ProcessInvokerWrapper]   Arguments: 'spawnclient 107 110'
[2024-06-11 02:35:22Z INFO ProcessInvokerWrapper]   Working directory: '/home/shiuan/assignment-3-Y-shiuan/actions-runner/bin'
[2024-06-11 02:35:22Z INFO ProcessInvokerWrapper]   Require exit code zero: 'False'
[2024-06-11 02:35:22Z INFO ProcessInvokerWrapper]   Encoding web name:  ; code page: ''
[2024-06-11 02:35:22Z INFO ProcessInvokerWrapper]   Force kill process on cancellation: 'True'
[2024-06-11 02:35:22Z INFO ProcessInvokerWrapper]   Redirected STDIN: 'False'
[2024-06-11 02:35:22Z INFO ProcessInvokerWrapper]   Persist current code page: 'False'
[2024-06-11 02:35:22Z INFO ProcessInvokerWrapper]   Keep redirected STDIN open: 'False'
[2024-06-11 02:35:22Z INFO ProcessInvokerWrapper]   High priority process: 'True'
[2024-06-11 02:35:22Z INFO ProcessInvokerWrapper] Process started with process id 93346, waiting for process exit.
[2024-06-11 02:35:22Z INFO JobDispatcher] Send job request message to worker for job a047640a-23da-5e9b-1ef8-917a09b3753a.
[2024-06-11 02:35:22Z INFO ProcessChannel] Sending message of length 27211, with hash '330661c371428a933db3b9402457953ceeea7e74fe63bb3d709ce21b3b972540'
[2024-06-11 02:35:22Z INFO JobNotification] Entering JobStarted Notification
[2024-06-11 02:35:22Z INFO JobNotification] Entering StartMonitor
[2024-06-11 02:36:22Z INFO JobDispatcher] Successfully renew job request 4, job is valid till 11/06/2024 02:46:22
[2024-06-11 02:37:22Z INFO JobDispatcher] Successfully renew job request 4, job is valid till 11/06/2024 02:47:22
[2024-06-11 02:38:22Z INFO JobDispatcher] Successfully renew job request 4, job is valid till 11/06/2024 02:48:22
[2024-06-11 02:39:23Z INFO JobDispatcher] Successfully renew job request 4, job is valid till 11/06/2024 02:49:23
[2024-06-11 02:40:23Z INFO JobDispatcher] Successfully renew job request 4, job is valid till 11/06/2024 02:50:23
[2024-06-11 02:40:48Z INFO ProcessInvokerWrapper] STDOUT/STDERR stream read finished.
[2024-06-11 02:40:48Z INFO ProcessInvokerWrapper] STDOUT/STDERR stream read finished.
[2024-06-11 02:40:48Z INFO ProcessInvokerWrapper] Finished process 93346 with exit code 102, and elapsed time 00:05:25.9789700.
[2024-06-11 02:40:48Z INFO JobDispatcher] Worker finished for job a047640a-23da-5e9b-1ef8-917a09b3753a. Code: 102
[2024-06-11 02:40:48Z INFO JobDispatcher] finish job request for job a047640a-23da-5e9b-1ef8-917a09b3753a with result: Failed
[2024-06-11 02:40:48Z INFO Terminal] WRITE LINE: 2024-06-11 02:40:48Z: Job full-test completed with result: Failed
[2024-06-11 02:40:48Z INFO JobDispatcher] Stop renew job request for job a047640a-23da-5e9b-1ef8-917a09b3753a.
[2024-06-11 02:40:48Z INFO JobDispatcher] job renew has been cancelled, stop renew job request 4.
[2024-06-11 02:40:48Z INFO JobNotification] Entering JobCompleted Notification
[2024-06-11 02:40:48Z INFO JobNotification] Entering EndMonitor
[2024-06-11 02:40:48Z INFO MessageListener] Received job status event. JobState: Online
[2024-06-11 02:40:48Z WARN GitHubActionsService] GET request to https://pipelinesghubeus24.actions.githubusercontent.com/hyvd4xYfpxfhCLLev9cB2itJttXRTXxFIeriU9J1SpCSIaLn6z/_apis/distributedtask/pools/1/messages?sessionId=961db5f6-4666-45ad-8a4e-151066b1af70&lastMessageId=4&status=Busy&runnerVersion=2.317.0&os=Linux&architecture=X64&disableUpdate=false has been cancelled.
[2024-06-11 02:40:48Z INFO MessageListener] Get messages has been cancelled using local token source. Continue to get messages with new status.
